<?xml version="1.0" encoding="UTF-8"?>
<!-- Generated by org.testng.reporters.JUnitReportReporter -->
<testsuite hostname="DESKTOP-IDSI237" failures="0" tests="1" name="com.demo.test" time="35.630" errors="0" timestamp="2022-10-12T13:29:37 IST" skipped="0">
  <testcase classname="com.demo.test" name="flipkart" time="35.630"/>
  <system-out/>
</testsuite> <!-- com.demo.test -->
